[31m                /y\            /y\
               /ver\          /0.3\
               yyyyyy\      /yyyyyy
               \yyyyyyyyyyyyyyyyyy/
                yyyyyyyyyyyyyyyyyy
                yyyyyyyyyyyyyyyyyy
                yyy'yyyyyyyyyy'yyy
                \yy  yyyyyyyy  yy/
                 \yy.yyyyyyyy.yy/
                  \yyyyyyyyyyyy/
                    \yyyyyyyy/
              -------yyyyyyyy-------
                 ..---yyyyyy---..
                   ..--yyyy--..
[0m
2017-06-12 07:27 Name > Empty
2017-06-12 07:27 Status > Empty
2017-06-12 07:27 DHT > Connecting
2017-06-12 07:27 DHT > Connecting
2017-06-12 07:27 DHT > Connected
id: 84817DA8F19E047A504B87FE90CCDB4D0806E91C49A33B182E7BE3C454F0E67382AEAB7355B9
